<?xml version="1.0" encoding="UTF-8" standalone="no"?>
<testsuite failures="2" name="cucumber.runtime.formatter.JUnitFormatter" skipped="0" tests="2" time="0.123808">
<testcase classname="Sample search" name="Basic search scenario" time="0.110097">
<failure message="java.lang.NullPointerException&#10;&#9;at java.util.Objects.requireNonNull(Objects.java:203)&#10;&#9;at org.openqa.selenium.support.ui.FluentWait.&lt;init&gt;(FluentWait.java:106)&#10;&#9;at org.openqa.selenium.support.ui.WebDriverWait.&lt;init&gt;(WebDriverWait.java:85)&#10;&#9;at org.openqa.selenium.support.ui.WebDriverWait.&lt;init&gt;(WebDriverWait.java:45)&#10;&#9;at com.sample.ui.controls.Control.waitUntil(Control.java:109)&#10;&#9;at com.sample.ui.controls.Control.exists(Control.java:119)&#10;&#9;at com.sample.ui.controls.Control.exists(Control.java:122)&#10;&#9;at com.sample.ui.controls.Control.click(Control.java:160)&#10;&#9;at com.sample.tests.controls.LocationLookupEdit.setText(LocationLookupEdit.java:19)&#10;&#9;at com.sample.tests.steps.SampleSteps.i_enter_text_into_the_field(SampleSteps.java:24)&#10;&#9;at ✽.I enter &quot;Leeds&quot; text into the &quot;Destination&quot; field(file:src/test/java/com/sample/tests/features/Sample.feature:5)&#10;"><![CDATA[Given I am on the "Search" page.............................................passed
When I enter "Leeds" text into the "Destination" field......................failed
And click on the "Today's date" element.....................................skipped
And click on the "Business" element.........................................skipped
And click on the "Search" button............................................skipped
Then I should see the "Search Results" screen...............................skipped
And the "Title" field has "Leeds" text......................................undefined

StackTrace:
java.lang.NullPointerException
	at java.util.Objects.requireNonNull(Objects.java:203)
	at org.openqa.selenium.support.ui.FluentWait.<init>(FluentWait.java:106)
	at org.openqa.selenium.support.ui.WebDriverWait.<init>(WebDriverWait.java:85)
	at org.openqa.selenium.support.ui.WebDriverWait.<init>(WebDriverWait.java:45)
	at com.sample.ui.controls.Control.waitUntil(Control.java:109)
	at com.sample.ui.controls.Control.exists(Control.java:119)
	at com.sample.ui.controls.Control.exists(Control.java:122)
	at com.sample.ui.controls.Control.click(Control.java:160)
	at com.sample.tests.controls.LocationLookupEdit.setText(LocationLookupEdit.java:19)
	at com.sample.tests.steps.SampleSteps.i_enter_text_into_the_field(SampleSteps.java:24)
	at ✽.I enter "Leeds" text into the "Destination" field(file:src/test/java/com/sample/tests/features/Sample.feature:5)
]]></failure>
</testcase>
<testcase classname="Sample search" name="Basic search scenario 2" time="0.013711">
<failure message="java.lang.NullPointerException&#10;&#9;at java.util.Objects.requireNonNull(Objects.java:203)&#10;&#9;at org.openqa.selenium.support.ui.FluentWait.&lt;init&gt;(FluentWait.java:106)&#10;&#9;at org.openqa.selenium.support.ui.WebDriverWait.&lt;init&gt;(WebDriverWait.java:85)&#10;&#9;at org.openqa.selenium.support.ui.WebDriverWait.&lt;init&gt;(WebDriverWait.java:45)&#10;&#9;at com.sample.ui.controls.Control.waitUntil(Control.java:109)&#10;&#9;at com.sample.ui.controls.Control.exists(Control.java:119)&#10;&#9;at com.sample.ui.controls.Control.exists(Control.java:122)&#10;&#9;at com.sample.ui.controls.Control.click(Control.java:160)&#10;&#9;at com.sample.tests.controls.LocationLookupEdit.setText(LocationLookupEdit.java:19)&#10;&#9;at com.sample.tests.steps.SampleSteps.i_enter_text_into_the_field(SampleSteps.java:24)&#10;&#9;at ✽.I enter &quot;Manchester&quot; text into the &quot;Destination&quot; field(file:src/test/java/com/sample/tests/features/Sample.feature:5)&#10;"><![CDATA[Given I am on the "Search" page.............................................passed
When I enter "Manchester" text into the "Destination" field.................failed
And click on the "Today's date" element.....................................skipped
And click on the "Leisure" element..........................................skipped
And click on the "Search" button............................................skipped
Then I should see the "Search Results" screen...............................skipped
And the "Title" field has "Manchester" text.................................undefined

StackTrace:
java.lang.NullPointerException
	at java.util.Objects.requireNonNull(Objects.java:203)
	at org.openqa.selenium.support.ui.FluentWait.<init>(FluentWait.java:106)
	at org.openqa.selenium.support.ui.WebDriverWait.<init>(WebDriverWait.java:85)
	at org.openqa.selenium.support.ui.WebDriverWait.<init>(WebDriverWait.java:45)
	at com.sample.ui.controls.Control.waitUntil(Control.java:109)
	at com.sample.ui.controls.Control.exists(Control.java:119)
	at com.sample.ui.controls.Control.exists(Control.java:122)
	at com.sample.ui.controls.Control.click(Control.java:160)
	at com.sample.tests.controls.LocationLookupEdit.setText(LocationLookupEdit.java:19)
	at com.sample.tests.steps.SampleSteps.i_enter_text_into_the_field(SampleSteps.java:24)
	at ✽.I enter "Manchester" text into the "Destination" field(file:src/test/java/com/sample/tests/features/Sample.feature:5)
]]></failure>
</testcase>
</testsuite>
